2019/1/9 10:28:25 :30天前的行表数据删除成功
2019/1/9 10:28:25 :30天前的头表数据删除成功
2019/1/9 10:28:28 :【主控】[线程初始化完成.]
2019/1/9 10:28:29 :控制器：192.168.101.252无法ping通，请检查网络!
2019/1/9 10:28:29 :[CreateForm][异常:[错误代码:DL0040][未能加载文件或程序集“file:///C:\Users\hc\Desktop\项目文件\成都蜀南医药\蜀南分播墙程序\分播墙程序\蜀南分播墙\蜀南分播墙\WinFrmUI\bin\x86\Debug\DFrmDPS.dll”或它的某一个依赖项。系统找不到指定的文件。]]
2019/1/9 10:28:38 :[FrmDPS.dll][已经成功加载!]
2019/1/9 10:28:38 :LoadComAndAisle 查询失败：异常:[错误代码:DA001132][列名 'DPSFLAG' 无效。]
2019/1/9 10:28:41 :[FrmSetDAS.dll][已经加载!]
2019/1/9 10:28:43 :[FrmSetDAS.dll][已经关闭!]
2019/1/9 10:28:43 :[frmCreateDataTable][已经关闭!]
2019/1/9 10:28:44 :[FrmDPS.dll][已经关闭!]
2019/1/9 10:29:45 :30天前的行表数据删除成功
2019/1/9 10:29:45 :30天前的头表数据删除成功
2019/1/9 10:29:48 :【主控】[线程初始化完成.]
2019/1/9 10:29:48 :控制器：192.168.101.252无法ping通，请检查网络!
2019/1/9 10:29:55 :[FrmDPS.dll][已经成功加载!]
2019/1/9 10:29:55 :LoadComAndAisle 查询失败：异常:[错误代码:DA001132][列名 'DPSFLAG' 无效。]
2019/1/9 10:29:59 :[FrmSetDAS.dll][已经加载!]
2019/1/9 10:30:06 :[FrmDPS.dll][已经关闭!]
2019/1/9 10:30:07 :[frmCreateDataTable][已经关闭!]
2019/1/9 10:30:08 :[FrmSetDAS.dll][已经关闭!]
2019/1/9 10:30:11 :[FrmSetDAS.dll][已经加载!]
2019/1/9 10:31:40 :[FrmSetDAS.dll][已经关闭!]
2019/1/9 10:31:42 :[FrmSetDAS.dll][已经加载!]
2019/1/9 10:31:44 :[FrmSetDAS.dll][已经关闭!]
2019/1/9 10:31:46 :[FrmDPS.dll][已经成功加载!]
2019/1/9 10:31:46 :LoadComAndAisle 查询失败：异常:[错误代码:DA001132][列名 'DPSFLAG' 无效。]
2019/1/9 10:31:47 :[FrmDPS.dll][已经关闭!]
2019/1/9 10:31:53 :[FrmSetDAS.dll][已经加载!]
2019/1/9 10:31:56 :[FrmSetDAS.dll][已经关闭!]
2019/1/9 10:31:59 :[frmCreateDataTable][已经关闭!]
2019/1/9 10:32:00 :[FrmDPS.dll][已经成功加载!]
2019/1/9 10:32:00 :LoadComAndAisle 查询失败：异常:[错误代码:DA001132][列名 'DPSFLAG' 无效。]
2019/1/9 10:32:04 :[FrmDPS.dll][已经关闭!]
2019/1/9 10:32:05 :[FrmDPS.dll][已经成功加载!]
2019/1/9 10:32:05 :LoadComAndAisle 查询失败：异常:[错误代码:DA001132][列名 'DPSFLAG' 无效。]
2019/1/9 10:32:10 :[FrmDPS.dll][已经关闭!]
2019/1/9 10:33:07 :30天前的行表数据删除成功
2019/1/9 10:33:07 :30天前的头表数据删除成功
2019/1/9 10:33:10 :【主控】[线程初始化完成.]
2019/1/9 10:33:10 :控制器：192.168.101.252无法ping通，请检查网络!
2019/1/9 10:33:13 :[FrmDPS.dll][已经成功加载!]
2019/1/9 10:35:16 :[FrmDPS.dll][已经关闭!]
