2019/3/25 1:04:53 :[CreateForm][异常:[错误代码:DL0040][未能加载文件或程序集“file:///E:\项目文件\卡西欧\卡西欧分播代码\卡西欧分播代码\WinFrmUI\bin\x86\Debug\DFrmDPS.dll”或它的某一个依赖项。系统找不到指定的文件。]]
2019/3/25 1:05:17 :[FrmDPS.dll][已经成功加载!]
2019/3/25 1:06:00 :扫描到条码数据为:[88888888]
2019/3/25 1:06:00 :当前分播墙没有可挂起的波次
2019/3/25 1:06:24 :[CreateForm][异常:[错误代码:DL0040][未能加载文件或程序集“file:///E:\项目文件\卡西欧\卡西欧分播代码\卡西欧分播代码\WinFrmUI\bin\x86\Debug\DFrmInitialData.dll”或它的某一个依赖项。系统找不到指定的文件。]]
2019/3/25 1:27:11 :30天前的行表数据删除成功
2019/3/25 1:27:11 :30天前的头表数据删除成功
2019/3/25 1:27:19 :[FrmDPS.dll][已经成功加载!]
2019/3/25 1:27:22 :[frmCreateDataTable.dll][已经成功加载!]
2019/3/25 1:27:23 :[frmCreateDataTable][已经关闭!]
2019/3/25 1:27:25 :[CreateForm][异常:[错误代码:DL0040][未能加载文件或程序集“file:///E:\项目文件\卡西欧\卡西欧分播代码\卡西欧分播代码\WinFrmUI\bin\x86\Debug\DFrmImportLocatorAndTagRelation.dll”或它的某一个依赖项。生成此程序集的运行时比当前加载的运行时新，无法加载此程序集。]]
2019/3/25 1:27:43 :[frmAutoDspId][已成功加载!]
2019/3/25 1:27:44 :[frmAutoDspId][已经关闭!]
2019/3/25 1:27:45 :[FrmSelftTest][已成功加载!]
2019/3/25 1:27:46 :[FrmSelftTestTag][已经关闭!]
2019/3/25 1:27:49 :[FrmSetDAS.dll][已经加载!]
2019/3/25 1:27:50 :[FrmSetDAS.dll][已经关闭!]
2019/3/25 1:27:52 :[frmCreateDataTable][已经关闭!]
2019/3/25 1:28:05 :扫描到条码数据为:[88888888]
2019/3/25 1:28:05 :当前分播墙没有可挂起的波次
2019/3/25 1:28:47 :30天前的行表数据删除成功
2019/3/25 1:28:47 :30天前的头表数据删除成功
2019/3/25 1:28:48 :[CreateForm][异常:[错误代码:DL0040][未能加载文件或程序集“file:///E:\项目文件\卡西欧\卡西欧分播代码\卡西欧分播代码\WinFrmUI\bin\x86\Debug\DFrmImportLocatorAndTagRelation.dll”或它的某一个依赖项。生成此程序集的运行时比当前加载的运行时新，无法加载此程序集。]]
2019/3/25 1:29:17 :30天前的行表数据删除成功
2019/3/25 1:29:18 :30天前的头表数据删除成功
2019/3/25 1:29:20 :[frmCreateDataTable][已经关闭!]
2019/3/25 1:29:22 :[frmCreateDataTable.dll][已经成功加载!]
2019/3/25 1:29:23 :[frmCreateDataTable][已经关闭!]
2019/3/25 1:29:26 :[FrmDPS.dll][已经成功加载!]
2019/3/25 1:31:41 :30天前的行表数据删除成功
2019/3/25 1:31:41 :30天前的头表数据删除成功
2019/3/25 1:31:43 :[FrmDPS.dll][已经成功加载!]
2019/3/25 1:31:46 :扫描到条码数据为:[88888888]
2019/3/25 1:31:46 :当前分播墙没有可挂起的波次
2019/3/25 1:32:17 :扫描到条码数据为:[88888888]
2019/3/25 1:32:17 :当前分播墙没有可挂起的波次
2019/3/25 1:32:56 :30天前的行表数据删除成功
2019/3/25 1:32:56 :30天前的头表数据删除成功
2019/3/25 1:33:05 :[FrmDPS.dll][已经成功加载!]
2019/3/25 1:33:09 :扫描到条码数据为:[88888888]
2019/3/25 1:33:09 :当前分播墙没有可挂起的波次
2019/3/25 1:33:19 :扫描到条码数据为:[88888888]
2019/3/25 1:33:19 :当前分播墙没有可挂起的波次
2019/3/25 1:33:20 :扫描到条码数据为:[88888888]
2019/3/25 1:33:20 :当前分播墙没有可挂起的波次
2019/3/25 1:33:21 :扫描到条码数据为:[88888888]
2019/3/25 1:33:21 :当前分播墙没有可挂起的波次
2019/3/25 1:33:22 :扫描到条码数据为:[88888888]
2019/3/25 1:33:22 :当前分播墙没有可挂起的波次
2019/3/25 1:33:24 :扫描到条码数据为:[88888888]
2019/3/25 1:33:24 :当前分播墙没有可挂起的波次
2019/3/25 1:33:29 :扫描到条码数据为:[88888888]
2019/3/25 1:33:29 :当前分播墙没有可挂起的波次
2019/3/25 1:33:30 :扫描到条码数据为:[88888888]
2019/3/25 1:33:30 :当前分播墙没有可挂起的波次
2019/3/25 1:33:30 :扫描到条码数据为:[88888888]
2019/3/25 1:33:30 :当前分播墙没有可挂起的波次
2019/3/25 1:33:30 :扫描到条码数据为:[88888888]
2019/3/25 1:33:30 :当前分播墙没有可挂起的波次
2019/3/25 1:33:30 :扫描到条码数据为:[88888888]
2019/3/25 1:33:30 :当前分播墙没有可挂起的波次
2019/3/25 1:33:30 :扫描到条码数据为:[88888888]
2019/3/25 1:33:30 :当前分播墙没有可挂起的波次
2019/3/25 1:33:31 :扫描到条码数据为:[88888888]
2019/3/25 1:33:31 :当前分播墙没有可挂起的波次
2019/3/25 1:33:31 :扫描到条码数据为:[88888888]
2019/3/25 1:33:31 :当前分播墙没有可挂起的波次
2019/3/25 1:33:31 :扫描到条码数据为:[88888888]
2019/3/25 1:33:31 :当前分播墙没有可挂起的波次
2019/3/25 1:33:31 :扫描到条码数据为:[88888888]
2019/3/25 1:33:31 :当前分播墙没有可挂起的波次
2019/3/25 1:33:31 :扫描到条码数据为:[88888888]
2019/3/25 1:33:31 :当前分播墙没有可挂起的波次
2019/3/25 1:33:31 :扫描到条码数据为:[88888888]
2019/3/25 1:33:31 :当前分播墙没有可挂起的波次
2019/3/25 1:33:32 :扫描到条码数据为:[88888888]
2019/3/25 1:33:32 :当前分播墙没有可挂起的波次
2019/3/25 1:33:32 :扫描到条码数据为:[88888888]
2019/3/25 1:33:32 :当前分播墙没有可挂起的波次
2019/3/25 1:33:32 :扫描到条码数据为:[88888888]
2019/3/25 1:33:32 :当前分播墙没有可挂起的波次
2019/3/25 1:33:32 :扫描到条码数据为:[88888888]
2019/3/25 1:33:32 :当前分播墙没有可挂起的波次
2019/3/25 1:33:32 :扫描到条码数据为:[88888888]
2019/3/25 1:33:32 :当前分播墙没有可挂起的波次
2019/3/25 1:33:32 :扫描到条码数据为:[88888888]
2019/3/25 1:33:32 :当前分播墙没有可挂起的波次
2019/3/25 1:33:33 :扫描到条码数据为:[88888888]
2019/3/25 1:33:33 :当前分播墙没有可挂起的波次
2019/3/25 1:33:33 :扫描到条码数据为:[88888888]
2019/3/25 1:33:33 :当前分播墙没有可挂起的波次
2019/3/25 1:33:33 :扫描到条码数据为:[88888888]
2019/3/25 1:33:33 :当前分播墙没有可挂起的波次
2019/3/25 1:33:33 :扫描到条码数据为:[88888888]
2019/3/25 1:33:33 :当前分播墙没有可挂起的波次
2019/3/25 1:33:33 :扫描到条码数据为:[88888888]
2019/3/25 1:33:33 :当前分播墙没有可挂起的波次
2019/3/25 1:33:33 :扫描到条码数据为:[88888888]
2019/3/25 1:33:33 :当前分播墙没有可挂起的波次
2019/3/25 1:33:34 :扫描到条码数据为:[88888888]
2019/3/25 1:33:34 :当前分播墙没有可挂起的波次
2019/3/25 1:33:34 :扫描到条码数据为:[88888888]
2019/3/25 1:33:34 :当前分播墙没有可挂起的波次
2019/3/25 1:33:34 :扫描到条码数据为:[88888888]
2019/3/25 1:33:34 :当前分播墙没有可挂起的波次
2019/3/25 1:33:34 :扫描到条码数据为:[88888888]
2019/3/25 1:33:34 :当前分播墙没有可挂起的波次
2019/3/25 1:33:34 :扫描到条码数据为:[88888888]
2019/3/25 1:33:34 :当前分播墙没有可挂起的波次
2019/3/25 1:33:34 :扫描到条码数据为:[88888888]
2019/3/25 1:33:34 :当前分播墙没有可挂起的波次
2019/3/25 1:33:35 :扫描到条码数据为:[88888888]
2019/3/25 1:33:35 :当前分播墙没有可挂起的波次
2019/3/25 1:33:35 :扫描到条码数据为:[88888888]
2019/3/25 1:33:35 :当前分播墙没有可挂起的波次
2019/3/25 1:33:35 :扫描到条码数据为:[88888888]
2019/3/25 1:33:35 :当前分播墙没有可挂起的波次
2019/3/25 1:33:35 :扫描到条码数据为:[88888888]
2019/3/25 1:33:35 :当前分播墙没有可挂起的波次
2019/3/25 1:33:35 :扫描到条码数据为:[88888888]
2019/3/25 1:33:35 :当前分播墙没有可挂起的波次
2019/3/25 1:33:35 :扫描到条码数据为:[88888888]
2019/3/25 1:33:35 :当前分播墙没有可挂起的波次
2019/3/25 1:33:36 :扫描到条码数据为:[88888888]
2019/3/25 1:33:36 :当前分播墙没有可挂起的波次
2019/3/25 1:33:36 :扫描到条码数据为:[88888888]
2019/3/25 1:33:36 :当前分播墙没有可挂起的波次
2019/3/25 1:33:36 :扫描到条码数据为:[88888888]
2019/3/25 1:33:36 :当前分播墙没有可挂起的波次
2019/3/25 1:33:37 :扫描到条码数据为:[88888888]
2019/3/25 1:33:37 :当前分播墙没有可挂起的波次
2019/3/25 1:33:37 :扫描到条码数据为:[88888888]
2019/3/25 1:33:37 :当前分播墙没有可挂起的波次
2019/3/25 1:33:37 :扫描到条码数据为:[88888888]
2019/3/25 1:33:37 :当前分播墙没有可挂起的波次
2019/3/25 1:33:37 :扫描到条码数据为:[88888888]
2019/3/25 1:33:37 :当前分播墙没有可挂起的波次
2019/3/25 15:31:27 :30天前的行表数据删除成功
2019/3/25 15:31:27 :30天前的头表数据删除成功
2019/3/25 15:32:13 :[FrmDPS.dll][已经成功加载!]
2019/3/25 15:34:57 :扫描到条码数据为:[TW123]
2019/3/25 15:34:57 :获取到波次信息：{"code":"1","msg":"Unrecognized token 'TW123': was expecting ('true', 'false' or 'null')\n at [Source: TW123; line: 1, column: 11]","notify":true,"error":true}
2019/3/25 15:34:57 :调用接口获取波次数据失败，失败信息:
2019/3/25 15:39:41 :30天前的行表数据删除成功
2019/3/25 15:39:41 :30天前的头表数据删除成功
2019/3/25 15:39:45 :[FrmDPS.dll][已经成功加载!]
2019/3/25 15:41:39 :30天前的行表数据删除成功
2019/3/25 15:41:39 :30天前的头表数据删除成功
2019/3/25 15:41:42 :[FrmDPS.dll][已经成功加载!]
2019/3/25 15:43:41 :30天前的行表数据删除成功
2019/3/25 15:43:41 :30天前的头表数据删除成功
2019/3/25 15:43:58 :[FrmDPS.dll][已经成功加载!]
2019/3/25 15:49:50 :30天前的行表数据删除成功
2019/3/25 15:49:50 :30天前的头表数据删除成功
2019/3/25 15:49:53 :[FrmDPS.dll][已经成功加载!]
2019/3/25 15:51:48 :30天前的行表数据删除成功
2019/3/25 15:51:48 :30天前的头表数据删除成功
2019/3/25 15:51:57 :[FrmDPS.dll][已经成功加载!]
2019/3/25 15:54:20 :30天前的行表数据删除成功
2019/3/25 15:54:20 :30天前的头表数据删除成功
2019/3/25 15:54:28 :[FrmDPS.dll][已经成功加载!]
2019/3/25 16:00:51 :30天前的行表数据删除成功
2019/3/25 16:00:51 :30天前的头表数据删除成功
2019/3/25 16:00:55 :[FrmDPS.dll][已经成功加载!]
2019/3/25 16:03:06 :30天前的行表数据删除成功
2019/3/25 16:03:06 :30天前的头表数据删除成功
2019/3/25 16:03:20 :[FrmDPS.dll][已经成功加载!]
2019/3/25 16:05:38 :30天前的行表数据删除成功
2019/3/25 16:05:38 :30天前的头表数据删除成功
2019/3/25 16:06:16 :[FrmDPS.dll][已经成功加载!]
2019/3/25 16:07:51 :30天前的行表数据删除成功
2019/3/25 16:07:51 :30天前的头表数据删除成功
2019/3/25 16:07:56 :[FrmDPS.dll][已经成功加载!]
2019/3/25 16:12:00 :30天前的行表数据删除成功
2019/3/25 16:12:00 :30天前的头表数据删除成功
2019/3/25 16:12:07 :[FrmDPS.dll][已经成功加载!]
2019/3/25 16:13:22 :扫描到条码数据为:[TW123]
2019/3/25 16:13:22 :获取到波次信息：{"code":"1","msg":"Unrecognized token 'TW123': was expecting ('true', 'false' or 'null')\n at [Source: TW123; line: 1, column: 11]","notify":true,"error":true}
2019/3/25 16:13:22 :获取到分播总条数为:18
2019/3/25 16:15:08 :30天前的行表数据删除成功
2019/3/25 16:15:08 :30天前的头表数据删除成功
2019/3/25 16:15:41 :[FrmDPS.dll][已经成功加载!]
2019/3/25 16:18:12 :30天前的行表数据删除成功
2019/3/25 16:18:12 :30天前的头表数据删除成功
2019/3/25 16:18:35 :[FrmDPS.dll][已经成功加载!]
2019/3/25 16:19:05 :扫描到条码数据为:[TW123]
2019/3/25 16:19:05 :获取到波次信息：{"code":"1","msg":"Unrecognized token 'TW123': was expecting ('true', 'false' or 'null')\n at [Source: TW123; line: 1, column: 11]","notify":true,"error":true}
2019/3/25 16:19:05 :获取到分播总条数为:18
2019/3/25 16:25:00 :30天前的行表数据删除成功
2019/3/25 16:25:00 :30天前的头表数据删除成功
2019/3/25 16:25:08 :[FrmDPS.dll][已经成功加载!]
2019/3/25 16:25:14 :扫描到条码数据为:[TW123]
2019/3/25 16:25:14 :获取到波次信息：{"code":"1","msg":"Unrecognized token 'TW123': was expecting ('true', 'false' or 'null')\n at [Source: TW123; line: 1, column: 11]","notify":true,"error":true}
2019/3/25 16:25:14 :获取到分播总条数为:18
2019/3/25 17:18:30 :30天前的行表数据删除成功
2019/3/25 17:18:30 :30天前的头表数据删除成功
2019/3/25 17:18:36 :[frmCreateDataTable][已经关闭!]
2019/3/25 17:18:38 :[frmAutoDspId][已成功加载!]
2019/3/25 17:18:40 :[btnDspId_Click][正在检索中.....]
2019/3/25 17:18:43 :[btnDspId_Click][已经结束检索.]
2019/3/25 17:18:44 :[frmAutoDspId][已经关闭!]
2019/3/25 17:18:46 :[FrmSelftTest][已成功加载!]
2019/3/25 17:18:47 :sMsg：异常:[错误代码:DA001132][列名 'dpsflag' 无效。]
2019/3/25 17:18:51 :数据查询失败!
2019/3/25 17:18:59 :数据查询失败!
2019/3/25 17:19:47 :30天前的行表数据删除成功
2019/3/25 17:19:47 :30天前的头表数据删除成功
2019/3/25 17:19:48 :[FrmSelftTest][已成功加载!]
2019/3/25 18:15:56 :30天前的行表数据删除成功
2019/3/25 18:15:56 :30天前的头表数据删除成功
2019/3/25 18:16:06 :[FrmDPS.dll][已经成功加载!]
2019/3/25 18:16:13 :[FrmSetDAS.dll][已经加载!]
2019/3/25 18:16:21 :[FrmSetDAS.dll][已经关闭!]
2019/3/25 18:16:23 :[FrmSetDAS.dll][已经加载!]
2019/3/25 18:16:35 :[FrmSetDAS.dll][已经关闭!]
2019/3/25 18:16:36 :[FrmSetDAS.dll][已经加载!]
2019/3/25 18:18:42 :30天前的行表数据删除成功
2019/3/25 18:18:42 :30天前的头表数据删除成功
2019/3/25 18:18:46 :[FrmSetDAS.dll][已经加载!]
2019/3/25 18:19:04 :[FrmSetDAS.dll][已经关闭!]
2019/3/25 18:19:06 :[FrmSetDAS.dll][已经加载!]
2019/3/25 18:19:08 :[FrmSetDAS.dll][已经关闭!]
