2019/1/26 10:51:39 :30天前的行表数据删除成功
2019/1/26 10:51:40 :30天前的头表数据删除成功
2019/1/26 10:51:43 :【主控】[线程初始化完成.]
2019/1/26 10:51:43 :控制器：192.168.192.100无法ping通，请检查网络!
2019/1/26 10:52:31 :30天前的行表数据删除成功
2019/1/26 10:52:31 :30天前的头表数据删除成功
2019/1/26 10:52:31 :【主控】[线程初始化完成.]
2019/1/26 10:52:31 :控制器：192.168.192.100已连接成功。
2019/1/26 10:53:25 :[FrmDPS.dll][已经成功加载!]
2019/1/26 10:58:09 :30天前的行表数据删除成功
2019/1/26 10:58:09 :30天前的头表数据删除成功
2019/1/26 10:58:12 :【主控】[线程初始化完成.]
2019/1/26 10:58:12 :控制器：192.168.192.100无法ping通，请检查网络!
2019/1/26 10:59:13 :30天前的行表数据删除成功
2019/1/26 10:59:13 :30天前的头表数据删除成功
2019/1/26 10:59:13 :【主控】[线程初始化完成.]
2019/1/26 10:59:13 :控制器：192.168.192.100已连接成功。
2019/1/26 10:59:18 :[FrmDPS.dll][已经成功加载!]
2019/1/26 11:02:22 :30天前的行表数据删除成功
2019/1/26 11:02:22 :30天前的头表数据删除成功
2019/1/26 11:02:22 :【主控】[线程初始化完成.]
2019/1/26 11:02:22 :控制器：192.168.192.100已连接成功。
2019/1/26 11:02:29 :[FrmDPS.dll][已经成功加载!]
2019/1/26 11:02:31 :扫描到条码数据为:[0000100130]
2019/1/26 11:02:31 :根据波次在系统中没有查询到数据!
2019/1/26 11:05:45 :30天前的行表数据删除成功
2019/1/26 11:05:45 :30天前的头表数据删除成功
2019/1/26 11:05:48 :【主控】[线程初始化完成.]
2019/1/26 11:05:48 :控制器：192.168.192.100无法ping通，请检查网络!
2019/1/26 11:07:47 :[FrmDPS.dll][已经成功加载!]
2019/1/26 11:08:06 :30天前的行表数据删除成功
2019/1/26 11:08:06 :30天前的头表数据删除成功
2019/1/26 11:08:09 :【主控】[线程初始化完成.]
2019/1/26 11:08:09 :控制器：192.168.192.100无法ping通，请检查网络!
2019/1/26 11:08:11 :[FrmDPS.dll][已经成功加载!]
2019/1/26 11:56:40 :30天前的行表数据删除成功
2019/1/26 11:56:40 :30天前的头表数据删除成功
2019/1/26 11:56:40 :【主控】[线程初始化完成.]
2019/1/26 11:56:40 :控制器：192.168.192.100已连接成功。
2019/1/26 11:56:47 :[FrmDPS.dll][已经成功加载!]
2019/1/26 11:56:55 :扫描到条码数据为:[0000100130]
2019/1/26 11:56:55 :获取到分播总条数为:1
2019/1/26 11:56:55 :错误代码:[错误代码:FM0131513][列“approvalnum”不属于表 Table。]
2019/1/26 11:57:23 :扫描到条码数据为:[0000100130]
2019/1/26 11:57:23 :获取到分播总条数为:1
2019/1/26 11:57:23 :错误代码:[错误代码:FM0131513][列“approvalnum”不属于表 Table。]
2019/1/26 12:00:24 :30天前的行表数据删除成功
2019/1/26 12:00:24 :30天前的头表数据删除成功
2019/1/26 12:00:24 :【主控】[线程初始化完成.]
2019/1/26 12:00:24 :控制器：192.168.192.100已连接成功。
2019/1/26 12:00:29 :[FrmDPS.dll][已经成功加载!]
2019/1/26 12:00:34 :扫描到条码数据为:[0000100130]
2019/1/26 12:00:34 :根据波次在系统中没有查询到数据!
2019/1/26 12:00:58 :扫描到条码数据为:[0000100130]
2019/1/26 12:00:58 :根据波次在系统中没有查询到数据!
2019/1/26 12:01:18 :扫描到条码数据为:[0000100130]
2019/1/26 12:01:18 :根据波次在系统中没有查询到数据!
2019/1/26 12:04:30 :30天前的行表数据删除成功
2019/1/26 12:04:30 :30天前的头表数据删除成功
2019/1/26 12:04:30 :【主控】[线程初始化完成.]
2019/1/26 12:04:30 :控制器：192.168.192.100已连接成功。
2019/1/26 12:04:32 :[FrmDPS.dll][已经成功加载!]
2019/1/26 12:04:38 :扫描到条码数据为:[0000100130]
2019/1/26 12:04:38 :根据波次在系统中没有查询到数据!
2019/1/26 12:06:00 :30天前的行表数据删除成功
2019/1/26 12:06:00 :30天前的头表数据删除成功
2019/1/26 12:06:00 :【主控】[线程初始化完成.]
2019/1/26 12:06:00 :控制器：192.168.192.100已连接成功。
2019/1/26 12:06:03 :[FrmDPS.dll][已经成功加载!]
2019/1/26 12:06:07 :扫描到条码数据为:[0000100130]
2019/1/26 12:06:07 :获取到分播总条数为:1
2019/1/26 12:06:24 :扫描到条码数据为:[T000100465]
2019/1/26 12:06:34 :扫描到条码数据为:[0000100130]
2019/1/26 12:06:34 :当前分区正在分拣中,不允许扫描新的波次号
2019/1/26 12:07:23 :[FrmDPS.dll][已经关闭!]
2019/1/26 12:07:25 :[FrmDPS.dll][已经成功加载!]
2019/1/26 12:09:47 :30天前的行表数据删除成功
2019/1/26 12:09:47 :30天前的头表数据删除成功
2019/1/26 12:09:50 :【主控】[线程初始化完成.]
2019/1/26 12:09:50 :控制器：192.168.192.100无法ping通，请检查网络!
2019/1/26 12:10:16 :30天前的行表数据删除成功
2019/1/26 12:10:16 :30天前的头表数据删除成功
2019/1/26 12:10:19 :【主控】[线程初始化完成.]
2019/1/26 12:10:19 :控制器：192.168.192.100无法ping通，请检查网络!
2019/1/26 12:10:56 :30天前的行表数据删除成功
2019/1/26 12:10:56 :30天前的头表数据删除成功
2019/1/26 12:10:59 :【主控】[线程初始化完成.]
2019/1/26 12:10:59 :控制器：192.168.192.100无法ping通，请检查网络!
2019/1/26 12:11:20 :[FrmDPS.dll][已经成功加载!]
2019/1/26 12:15:13 :30天前的行表数据删除成功
2019/1/26 12:15:13 :30天前的头表数据删除成功
2019/1/26 12:15:13 :【主控】[线程初始化完成.]
2019/1/26 12:15:13 :控制器：192.168.192.100已连接成功。
2019/1/26 12:15:17 :[FrmDPS.dll][已经成功加载!]
2019/1/26 12:15:25 :扫描到条码数据为:[0000100130]
2019/1/26 12:15:25 :获取到分播总条数为:1
2019/1/26 12:15:36 :[FrmDPS.dll][已经关闭!]
2019/1/26 12:15:38 :[FrmDPS.dll][已经成功加载!]
2019/1/26 12:16:26 :扫描到条码数据为:[0000100130]
2019/1/26 12:16:26 :获取到分播总条数为:1
2019/1/26 12:16:34 :扫描到条码数据为:[T000100465]
2019/1/26 12:16:43 :[FrmDPS.dll][已经关闭!]
2019/1/26 16:53:31 :30天前的行表数据删除成功
2019/1/26 16:53:32 :30天前的头表数据删除成功
2019/1/26 16:53:32 :【主控】[线程初始化完成.]
2019/1/26 16:53:32 :控制器：192.168.0.252已连接成功。
2019/1/26 16:53:36 :[FrmDPS.dll][已经成功加载!]
2019/1/26 16:53:44 :扫描到条码数据为:[0000100130]
2019/1/26 16:53:44 :获取到分播总条数为:1
2019/1/26 16:53:54 :扫描到条码数据为:[T000100465]
2019/1/26 16:54:33 :[FrmDPS.dll][已经关闭!]
2019/1/26 16:54:36 :[FrmDPS.dll][已经成功加载!]
2019/1/26 16:54:41 :扫描到条码数据为:[0000100130]
2019/1/26 16:54:41 :获取到分播总条数为:1
2019/1/26 16:55:30 :扫描到条码数据为:[T000100465]
2019/1/26 18:24:26 :[FrmDPS.dll][已经关闭!]
