2019/1/8 14:21:54 :30天前的行表数据删除成功
2019/1/8 14:21:55 :30天前的头表数据删除成功
2019/1/8 14:21:58 :【主控】[线程初始化完成.]
2019/1/8 14:22:01 :控制器：192.168.101.252无法ping通，请检查网络!
2019/1/8 14:22:01 :[FrmDPS.dll][已经成功加载!]
2019/1/8 14:22:09 :[FrmDPS.dll][已经关闭!]
2019/1/8 14:22:19 :30天前的行表数据删除成功
2019/1/8 14:22:19 :30天前的头表数据删除成功
2019/1/8 14:22:22 :【主控】[线程初始化完成.]
2019/1/8 14:22:22 :控制器：192.168.101.252无法ping通，请检查网络!
2019/1/8 14:22:22 :[FrmDPS.dll][已经成功加载!]
2019/1/8 14:22:27 :[FrmDPS.dll][已经关闭!]
2019/1/8 18:53:00 :30天前的行表数据删除成功
2019/1/8 18:53:00 :30天前的头表数据删除成功
2019/1/8 18:53:04 :【主控】[线程初始化完成.]
2019/1/8 18:53:06 :控制器：192.168.101.252无法ping通，请检查网络!
2019/1/8 18:53:06 :[FrmDPS.dll][已经成功加载!]
2019/1/8 18:53:13 :[frmCreateDataTable][已经关闭!]
2019/1/8 18:53:15 :[frmCreateDataTable][已经关闭!]
2019/1/8 18:53:17 :[FrmDPS.dll][已经关闭!]
