2019/6/29 14:45:15 :[FrmDPS.dll][已经成功加载!]
2019/6/29 14:47:26 :[FrmDPS.dll][已经成功加载!]
2019/6/29 14:49:42 :[FrmDPS.dll][已经成功加载!]
2019/6/29 14:55:12 :[FrmDPS.dll][已经成功加载!]
2019/6/29 14:58:55 :[FrmDPS.dll][已经成功加载!]
2019/6/29 15:12:26 :[FrmDPS.dll][已经成功加载!]
2019/6/29 15:16:28 :[FrmDPS.dll][已经成功加载!]
2019/6/29 15:18:14 :[FrmDPS.dll][已经成功加载!]
2019/6/29 15:18:16 :[FrmSetDAS.dll][已经加载!]
2019/6/29 15:18:18 :[FrmSetDAS.dll][已经关闭!]
2019/6/29 15:18:51 :登录 异常：System.NullReferenceException: 未将对象引用设置到对象的实例。
   在 WinUI.LoginFrm.button1_Click(Object sender, EventArgs e) 位置 e:\项目文件\卡西欧\卡西欧分播代码\卡西欧分播代码\WinFrmUI\LoginFrm.cs:行号 74
2019/6/29 15:19:09 :登录 异常：System.NullReferenceException: 未将对象引用设置到对象的实例。
   在 WinUI.LoginFrm.button1_Click(Object sender, EventArgs e) 位置 e:\项目文件\卡西欧\卡西欧分播代码\卡西欧分播代码\WinFrmUI\LoginFrm.cs:行号 74
2019/6/29 15:22:40 :[FrmDPS.dll][已经成功加载!]
2019/6/29 15:24:04 :[FrmDPS.dll][已经成功加载!]
2019/6/29 15:29:18 :[FrmDPS.dll][已经成功加载!]
2019/6/29 15:29:50 :[FrmDPS.dll][已经成功加载!]
2019/6/29 15:30:56 :[FrmDPS.dll][已经成功加载!]
2019/6/29 15:32:16 :[FrmDPS.dll][已经成功加载!]
2019/6/29 15:32:38 :[FrmDPS.dll][已经成功加载!]
2019/6/29 15:32:38 :[FrmDPS.dll][已经成功加载!]
2019/6/29 15:37:25 :[FrmDPS.dll][已经成功加载!]
2019/6/29 15:38:28 :[FrmDPS.dll][已经成功加载!]
2019/6/29 15:39:12 :[FrmDPS.dll][已经成功加载!]
2019/6/29 15:39:12 :[FrmDPS.dll][已经成功加载!]
2019/6/29 15:41:26 :[FrmDPS.dll][已经成功加载!]
2019/6/29 15:42:26 :[FrmDPS.dll][已经成功加载!]
2019/6/29 15:42:34 :[FrmDPS.dll][已经成功加载!]
2019/6/29 15:42:34 :[FrmDPS.dll][已经成功加载!]
2019/6/29 15:42:54 :[FrmDPS.dll][已经成功加载!]
2019/6/29 15:42:54 :[FrmDPS.dll][已经成功加载!]
2019/6/29 15:42:54 :[FrmDPS.dll][已经成功加载!]
2019/6/29 15:44:30 :[FrmDPS.dll][已经成功加载!]
2019/6/29 15:44:30 :[FrmDPS.dll][已经成功加载!]
2019/6/29 15:44:30 :[FrmDPS.dll][已经成功加载!]
2019/6/29 15:44:30 :[FrmDPS.dll][已经成功加载!]
